Symbol range map extraction starting
Processing 22 files
startProcessing "com\natura\survivalgear\ModRecipes.java" md5: 0182d5cafc5b08e267e8e5f1d38ea613
Cache Hit!
endProcessing "com\natura\survivalgear\ModRecipes.java"

startProcessing "com\natura\survivalgear\SurvivalGear.java" md5: 5699f67cf91100a23f2b2b3c1b6597b7
Cache Hit!
endProcessing "com\natura\survivalgear\SurvivalGear.java"

startProcessing "com\natura\survivalgear\block\BlockLantern.java" md5: 83d0a1b5e4c855c280f01aac9d4592ce
Cache Hit!
endProcessing "com\natura\survivalgear\block\BlockLantern.java"

startProcessing "com\natura\survivalgear\block\ModBlocks.java" md5: 5674f84a6bd118fee36d5809bee20709
Cache Hit!
endProcessing "com\natura\survivalgear\block\ModBlocks.java"

startProcessing "com\natura\survivalgear\client\ModelManager.java" md5: 1f212b33d1c0e7bf17b00baac7cf59e9
endProcessing "com\natura\survivalgear\client\ModelManager.java"

startProcessing "com\natura\survivalgear\entity\EntitySeedBullet.java" md5: 6b0061de8e33c8c3ad277b6191e5eee7
Cache Hit!
endProcessing "com\natura\survivalgear\entity\EntitySeedBullet.java"

startProcessing "com\natura\survivalgear\entity\ModEntities.java" md5: 76a6542ceb6901f695702a344bb66804
Cache Hit!
endProcessing "com\natura\survivalgear\entity\ModEntities.java"

startProcessing "com\natura\survivalgear\entity\RenderEntitySeedBullet.java" md5: 5c0cd61fe0f9e7b1dbf22e36b9fad5b1
Cache Hit!
endProcessing "com\natura\survivalgear\entity\RenderEntitySeedBullet.java"

startProcessing "com\natura\survivalgear\event\ServerEventHandler.java" md5: 4dc678ec0fceae96253d66c3ec46743d
Cache Hit!
endProcessing "com\natura\survivalgear\event\ServerEventHandler.java"

startProcessing "com\natura\survivalgear\item\ItemAttributeBauble.java" md5: 44b6aa97161d1ce6630513c6830a8036
Cache Hit!
endProcessing "com\natura\survivalgear\item\ItemAttributeBauble.java"

startProcessing "com\natura\survivalgear\item\ItemDwarfBelt.java" md5: aff3e4d19a21024ba977413ca2cc78d1
Cache Hit!
endProcessing "com\natura\survivalgear\item\ItemDwarfBelt.java"

startProcessing "com\natura\survivalgear\item\ItemFireStarter.java" md5: 079d18961e29f447f6b7e86fd9a4764e
Cache Hit!
endProcessing "com\natura\survivalgear\item\ItemFireStarter.java"

startProcessing "com\natura\survivalgear\item\ItemInfernoPauldrons.java" md5: f60db2844d0eb0e2cbaad875be69d2d0
endProcessing "com\natura\survivalgear\item\ItemInfernoPauldrons.java"

startProcessing "com\natura\survivalgear\item\ItemMermaidPendant.java" md5: b1645f31ccdb264dd3dbbd131826918a
Cache Hit!
endProcessing "com\natura\survivalgear\item\ItemMermaidPendant.java"

startProcessing "com\natura\survivalgear\item\ItemRing.java" md5: 2f49d3fc42d6d105b13c094f6828b9c6
Cache Hit!
endProcessing "com\natura\survivalgear\item\ItemRing.java"

startProcessing "com\natura\survivalgear\item\ItemSlingshot.java" md5: 8ab65d9f87cbe326115b9be4a7ab4b2c
Cache Hit!
endProcessing "com\natura\survivalgear\item\ItemSlingshot.java"

startProcessing "com\natura\survivalgear\item\ItemSurvivalKnife.java" md5: 97c69f1ab384597f47eb6032953ba87f
Cache Hit!
endProcessing "com\natura\survivalgear\item\ItemSurvivalKnife.java"

startProcessing "com\natura\survivalgear\item\ItemTiara.java" md5: bef5d503b3a1d0aab6f21ecd2ed5755c
Cache Hit!
endProcessing "com\natura\survivalgear\item\ItemTiara.java"

startProcessing "com\natura\survivalgear\item\ModItems.java" md5: ac6f6d6bbb2c5766b5c575c0c5c04ab2
endProcessing "com\natura\survivalgear\item\ModItems.java"

startProcessing "com\natura\survivalgear\proxy\ClientProxy.java" md5: aee3510b5ab008eb43442d06d634ea1c
Cache Hit!
endProcessing "com\natura\survivalgear\proxy\ClientProxy.java"

startProcessing "com\natura\survivalgear\proxy\CommonProxy.java" md5: 6c798868a62a4598978f74a2da75ec23
Cache Hit!
endProcessing "com\natura\survivalgear\proxy\CommonProxy.java"

startProcessing "com\natura\survivalgear\proxy\ServerProxy.java" md5: 396b29755d41eb3ace17c408bb06ae2f
Cache Hit!
endProcessing "com\natura\survivalgear\proxy\ServerProxy.java"

